Entrenando Modelo Final...
DEBUG: Cargando 2000 señales desde Prm/mfcc_optimo...
DEBUG: Cargadas 2000 señales. Con etiqueta válida: 2000
DEBUG: Cargando 2000 señales desde Prm/mfcc_optimo...
DEBUG: Cargadas 2000 señales. Con etiqueta válida: 2000
--- Inicio entrenamiento: 400 épocas (17:56:47) ---
  Epo 1: Loss=1.5948 | Acc=25.65%
  Epo 2: Loss=1.5394 | Acc=36.40%
  Epo 3: Loss=1.4862 | Acc=47.20%
  Epo 4: Loss=1.4342 | Acc=57.60%
  Epo 5: Loss=1.3829 | Acc=64.35%
  Epo 6: Loss=1.3323 | Acc=69.25%
  Epo 7: Loss=1.2822 | Acc=73.35%
  Epo 8: Loss=1.2327 | Acc=76.55%
  Epo 9: Loss=1.1837 | Acc=79.05%
  Epo 10: Loss=1.1354 | Acc=81.10%
  Epo 11: Loss=1.0880 | Acc=82.40%
  Epo 12: Loss=1.0415 | Acc=83.40%
  Epo 13: Loss=0.9963 | Acc=84.60%
  Epo 14: Loss=0.9525 | Acc=85.70%
  Epo 15: Loss=0.9102 | Acc=86.30%
  Epo 16: Loss=0.8697 | Acc=86.55%
  Epo 17: Loss=0.8309 | Acc=86.90%
  Epo 18: Loss=0.7941 | Acc=87.15%
  Epo 19: Loss=0.7591 | Acc=87.75%
  Epo 20: Loss=0.7260 | Acc=87.95%
  Epo 21: Loss=0.6949 | Acc=88.50%
  Epo 22: Loss=0.6656 | Acc=88.65%
  Epo 23: Loss=0.6381 | Acc=89.00%
  Epo 24: Loss=0.6123 | Acc=89.40%
  Epo 25: Loss=0.5882 | Acc=89.65%
  Epo 26: Loss=0.5656 | Acc=89.75%
  Epo 27: Loss=0.5444 | Acc=90.00%
  Epo 28: Loss=0.5246 | Acc=90.35%
  Epo 29: Loss=0.5060 | Acc=90.45%
  Epo 30: Loss=0.4887 | Acc=90.80%
  Epo 31: Loss=0.4724 | Acc=90.80%
  Epo 32: Loss=0.4571 | Acc=91.10%
  Epo 33: Loss=0.4428 | Acc=91.30%
  Epo 34: Loss=0.4294 | Acc=91.45%
  Epo 35: Loss=0.4167 | Acc=91.45%
  Epo 36: Loss=0.4049 | Acc=91.40%
  Epo 37: Loss=0.3937 | Acc=91.60%
  Epo 38: Loss=0.3831 | Acc=91.60%
  Epo 39: Loss=0.3732 | Acc=91.60%
  Epo 40: Loss=0.3638 | Acc=91.75%
  Epo 41: Loss=0.3549 | Acc=91.85%
  Epo 42: Loss=0.3465 | Acc=91.95%
  Epo 43: Loss=0.3386 | Acc=92.00%
  Epo 44: Loss=0.3310 | Acc=92.15%
  Epo 45: Loss=0.3239 | Acc=92.25%
  Epo 46: Loss=0.3171 | Acc=92.30%
  Epo 47: Loss=0.3106 | Acc=92.35%
  Epo 48: Loss=0.3045 | Acc=92.40%
  Epo 49: Loss=0.2987 | Acc=92.40%
  Epo 50: Loss=0.2931 | Acc=92.45%
  Epo 51: Loss=0.2878 | Acc=92.70%
  Epo 52: Loss=0.2827 | Acc=92.85%
  Epo 53: Loss=0.2779 | Acc=92.90%
  Epo 54: Loss=0.2733 | Acc=93.00%
  Epo 55: Loss=0.2689 | Acc=93.05%
  Epo 56: Loss=0.2647 | Acc=93.05%
  Epo 57: Loss=0.2606 | Acc=93.00%
  Epo 58: Loss=0.2567 | Acc=93.00%
  Epo 59: Loss=0.2530 | Acc=92.95%
  Epo 60: Loss=0.2494 | Acc=93.10%
  Epo 61: Loss=0.2460 | Acc=93.15%
  Epo 62: Loss=0.2427 | Acc=93.20%
  Epo 63: Loss=0.2395 | Acc=93.20%
  Epo 64: Loss=0.2364 | Acc=93.25%
  Epo 65: Loss=0.2334 | Acc=93.35%
  Epo 66: Loss=0.2306 | Acc=93.45%
  Epo 67: Loss=0.2278 | Acc=93.45%
  Epo 68: Loss=0.2251 | Acc=93.40%
  Epo 69: Loss=0.2226 | Acc=93.35%
  Epo 70: Loss=0.2201 | Acc=93.55%
  Epo 71: Loss=0.2177 | Acc=93.55%
  Epo 72: Loss=0.2154 | Acc=93.60%
  Epo 73: Loss=0.2131 | Acc=93.65%
  Epo 74: Loss=0.2109 | Acc=93.65%
  Epo 75: Loss=0.2088 | Acc=93.60%
  Epo 76: Loss=0.2068 | Acc=93.70%
  Epo 77: Loss=0.2048 | Acc=93.70%
  Epo 78: Loss=0.2029 | Acc=93.65%
  Epo 79: Loss=0.2010 | Acc=93.60%
  Epo 80: Loss=0.1992 | Acc=93.55%
  Epo 81: Loss=0.1974 | Acc=93.50%
  Epo 82: Loss=0.1957 | Acc=93.50%
  Epo 83: Loss=0.1940 | Acc=93.60%
  Epo 84: Loss=0.1924 | Acc=93.70%
  Epo 85: Loss=0.1908 | Acc=93.70%
  Epo 86: Loss=0.1893 | Acc=93.70%
  Epo 87: Loss=0.1878 | Acc=93.75%
  Epo 88: Loss=0.1863 | Acc=93.75%
  Epo 89: Loss=0.1849 | Acc=93.85%
  Epo 90: Loss=0.1835 | Acc=93.90%
  Epo 91: Loss=0.1822 | Acc=93.90%
  Epo 92: Loss=0.1809 | Acc=93.95%
  Epo 93: Loss=0.1796 | Acc=93.95%
  Epo 94: Loss=0.1783 | Acc=93.95%
  Epo 95: Loss=0.1771 | Acc=94.05%
  Epo 96: Loss=0.1759 | Acc=94.20%
  Epo 97: Loss=0.1747 | Acc=94.20%
  Epo 98: Loss=0.1736 | Acc=94.20%
  Epo 99: Loss=0.1725 | Acc=94.15%
  Epo 100: Loss=0.1714 | Acc=94.15%
  Epo 101: Loss=0.1703 | Acc=94.15%
  Epo 102: Loss=0.1693 | Acc=94.15%
  Epo 103: Loss=0.1682 | Acc=94.20%
  Epo 104: Loss=0.1672 | Acc=94.25%
  Epo 105: Loss=0.1663 | Acc=94.20%
  Epo 106: Loss=0.1653 | Acc=94.25%
  Epo 107: Loss=0.1643 | Acc=94.25%
  Epo 108: Loss=0.1634 | Acc=94.25%
  Epo 109: Loss=0.1625 | Acc=94.25%
  Epo 110: Loss=0.1616 | Acc=94.25%
  Epo 111: Loss=0.1607 | Acc=94.30%
  Epo 112: Loss=0.1598 | Acc=94.30%
  Epo 113: Loss=0.1590 | Acc=94.30%
  Epo 114: Loss=0.1582 | Acc=94.40%
  Epo 115: Loss=0.1573 | Acc=94.40%
  Epo 116: Loss=0.1565 | Acc=94.40%
  Epo 117: Loss=0.1558 | Acc=94.35%
  Epo 118: Loss=0.1550 | Acc=94.35%
  Epo 119: Loss=0.1542 | Acc=94.45%
  Epo 120: Loss=0.1535 | Acc=94.45%
  Epo 121: Loss=0.1527 | Acc=94.45%
  Epo 122: Loss=0.1520 | Acc=94.50%
  Epo 123: Loss=0.1513 | Acc=94.55%
  Epo 124: Loss=0.1506 | Acc=94.55%
  Epo 125: Loss=0.1499 | Acc=94.55%
  Epo 126: Loss=0.1492 | Acc=94.60%
  Epo 127: Loss=0.1485 | Acc=94.70%
  Epo 128: Loss=0.1479 | Acc=94.80%
  Epo 129: Loss=0.1472 | Acc=94.80%
  Epo 130: Loss=0.1466 | Acc=94.80%
  Epo 131: Loss=0.1460 | Acc=94.75%
  Epo 132: Loss=0.1453 | Acc=94.80%
  Epo 133: Loss=0.1447 | Acc=94.80%
  Epo 134: Loss=0.1441 | Acc=94.80%
  Epo 135: Loss=0.1435 | Acc=94.85%
  Epo 136: Loss=0.1430 | Acc=94.95%
  Epo 137: Loss=0.1424 | Acc=94.95%
  Epo 138: Loss=0.1418 | Acc=94.95%
  Epo 139: Loss=0.1412 | Acc=94.95%
  Epo 140: Loss=0.1407 | Acc=94.95%
  Epo 141: Loss=0.1401 | Acc=94.95%
  Epo 142: Loss=0.1396 | Acc=94.95%
  Epo 143: Loss=0.1391 | Acc=94.95%
  Epo 144: Loss=0.1385 | Acc=94.95%
  Epo 145: Loss=0.1380 | Acc=95.00%
  Epo 146: Loss=0.1375 | Acc=95.00%
  Epo 147: Loss=0.1370 | Acc=95.00%
  Epo 148: Loss=0.1365 | Acc=95.00%
  Epo 149: Loss=0.1360 | Acc=95.00%
  Epo 150: Loss=0.1356 | Acc=95.00%
  Epo 151: Loss=0.1351 | Acc=95.05%
  Epo 152: Loss=0.1346 | Acc=95.15%
  Epo 153: Loss=0.1341 | Acc=95.20%
  Epo 154: Loss=0.1337 | Acc=95.20%
  Epo 155: Loss=0.1332 | Acc=95.15%
  Epo 156: Loss=0.1328 | Acc=95.35%
  Epo 157: Loss=0.1323 | Acc=95.35%
  Epo 158: Loss=0.1319 | Acc=95.40%
  Epo 159: Loss=0.1315 | Acc=95.45%
  Epo 160: Loss=0.1310 | Acc=95.50%
  Epo 161: Loss=0.1306 | Acc=95.50%
  Epo 162: Loss=0.1302 | Acc=95.50%
  Epo 163: Loss=0.1298 | Acc=95.45%
  Epo 164: Loss=0.1294 | Acc=95.50%
  Epo 165: Loss=0.1290 | Acc=95.50%
  Epo 166: Loss=0.1286 | Acc=95.50%
  Epo 167: Loss=0.1282 | Acc=95.50%
  Epo 168: Loss=0.1278 | Acc=95.50%
  Epo 169: Loss=0.1274 | Acc=95.55%
  Epo 170: Loss=0.1270 | Acc=95.55%
  Epo 171: Loss=0.1266 | Acc=95.60%
  Epo 172: Loss=0.1262 | Acc=95.60%
  Epo 173: Loss=0.1259 | Acc=95.60%
  Epo 174: Loss=0.1255 | Acc=95.60%
  Epo 175: Loss=0.1251 | Acc=95.55%
  Epo 176: Loss=0.1247 | Acc=95.55%
  Epo 177: Loss=0.1244 | Acc=95.55%
  Epo 178: Loss=0.1240 | Acc=95.55%
  Epo 179: Loss=0.1237 | Acc=95.55%
  Epo 180: Loss=0.1233 | Acc=95.55%
  Epo 181: Loss=0.1230 | Acc=95.60%
  Epo 182: Loss=0.1226 | Acc=95.60%
  Epo 183: Loss=0.1223 | Acc=95.65%
  Epo 184: Loss=0.1219 | Acc=95.70%
  Epo 185: Loss=0.1216 | Acc=95.70%
  Epo 186: Loss=0.1213 | Acc=95.70%
  Epo 187: Loss=0.1210 | Acc=95.70%
  Epo 188: Loss=0.1206 | Acc=95.70%
  Epo 189: Loss=0.1203 | Acc=95.70%
  Epo 190: Loss=0.1200 | Acc=95.75%
  Epo 191: Loss=0.1197 | Acc=95.75%
  Epo 192: Loss=0.1194 | Acc=95.75%
  Epo 193: Loss=0.1191 | Acc=95.75%
  Epo 194: Loss=0.1188 | Acc=95.80%
  Epo 195: Loss=0.1185 | Acc=95.80%
  Epo 196: Loss=0.1182 | Acc=95.80%
  Epo 197: Loss=0.1179 | Acc=95.80%
  Epo 198: Loss=0.1176 | Acc=95.80%
  Epo 199: Loss=0.1173 | Acc=95.85%
  Epo 200: Loss=0.1171 | Acc=95.85%
  Epo 201: Loss=0.1168 | Acc=95.80%
  Epo 202: Loss=0.1165 | Acc=95.80%
  Epo 203: Loss=0.1162 | Acc=95.80%
  Epo 204: Loss=0.1160 | Acc=95.80%
  Epo 205: Loss=0.1157 | Acc=95.80%
  Epo 206: Loss=0.1154 | Acc=95.80%
  Epo 207: Loss=0.1151 | Acc=95.80%
  Epo 208: Loss=0.1149 | Acc=95.80%
  Epo 209: Loss=0.1146 | Acc=95.80%
  Epo 210: Loss=0.1144 | Acc=95.85%
  Epo 211: Loss=0.1141 | Acc=95.85%
  Epo 212: Loss=0.1139 | Acc=95.85%
  Epo 213: Loss=0.1136 | Acc=95.85%
  Epo 214: Loss=0.1134 | Acc=95.85%
  Epo 215: Loss=0.1131 | Acc=95.85%
  Epo 216: Loss=0.1129 | Acc=95.85%
  Epo 217: Loss=0.1126 | Acc=95.85%
  Epo 218: Loss=0.1124 | Acc=95.85%
  Epo 219: Loss=0.1122 | Acc=95.85%
  Epo 220: Loss=0.1119 | Acc=95.85%
  Epo 221: Loss=0.1117 | Acc=95.85%
  Epo 222: Loss=0.1115 | Acc=95.80%
  Epo 223: Loss=0.1112 | Acc=95.80%
  Epo 224: Loss=0.1110 | Acc=95.85%
  Epo 225: Loss=0.1108 | Acc=95.90%
  Epo 226: Loss=0.1106 | Acc=95.90%
  Epo 227: Loss=0.1104 | Acc=95.90%
  Epo 228: Loss=0.1101 | Acc=95.90%
  Epo 229: Loss=0.1099 | Acc=95.90%
  Epo 230: Loss=0.1097 | Acc=95.90%
  Epo 231: Loss=0.1095 | Acc=95.90%
  Epo 232: Loss=0.1093 | Acc=95.90%
  Epo 233: Loss=0.1091 | Acc=95.90%
  Epo 234: Loss=0.1089 | Acc=95.90%
  Epo 235: Loss=0.1087 | Acc=95.95%
  Epo 236: Loss=0.1085 | Acc=95.95%
  Epo 237: Loss=0.1083 | Acc=95.95%
  Epo 238: Loss=0.1081 | Acc=95.95%
  Epo 239: Loss=0.1079 | Acc=95.95%
  Epo 240: Loss=0.1077 | Acc=95.95%
  Epo 241: Loss=0.1075 | Acc=95.95%
  Epo 242: Loss=0.1073 | Acc=95.90%
  Epo 243: Loss=0.1071 | Acc=95.90%
  Epo 244: Loss=0.1069 | Acc=95.90%
  Epo 245: Loss=0.1067 | Acc=95.90%
  Epo 246: Loss=0.1065 | Acc=95.90%
  Epo 247: Loss=0.1064 | Acc=95.95%
  Epo 248: Loss=0.1062 | Acc=95.95%
  Epo 249: Loss=0.1060 | Acc=95.95%
  Epo 250: Loss=0.1058 | Acc=95.95%
  Epo 251: Loss=0.1056 | Acc=95.95%
  Epo 252: Loss=0.1055 | Acc=95.95%
  Epo 253: Loss=0.1053 | Acc=95.95%
  Epo 254: Loss=0.1051 | Acc=95.95%
  Epo 255: Loss=0.1050 | Acc=95.90%
  Epo 256: Loss=0.1048 | Acc=95.90%
  Epo 257: Loss=0.1046 | Acc=95.90%
  Epo 258: Loss=0.1045 | Acc=95.90%
  Epo 259: Loss=0.1043 | Acc=95.90%
  Epo 260: Loss=0.1041 | Acc=95.90%
  Epo 261: Loss=0.1040 | Acc=95.95%
  Epo 262: Loss=0.1038 | Acc=95.95%
  Epo 263: Loss=0.1037 | Acc=95.95%
  Epo 264: Loss=0.1035 | Acc=95.95%
  Epo 265: Loss=0.1033 | Acc=95.95%
  Epo 266: Loss=0.1032 | Acc=95.95%
  Epo 267: Loss=0.1030 | Acc=95.95%
  Epo 268: Loss=0.1029 | Acc=95.95%
  Epo 269: Loss=0.1027 | Acc=95.95%
  Epo 270: Loss=0.1026 | Acc=95.95%
  Epo 271: Loss=0.1024 | Acc=95.95%
  Epo 272: Loss=0.1023 | Acc=96.05%
  Epo 273: Loss=0.1021 | Acc=96.10%
  Epo 274: Loss=0.1020 | Acc=96.10%
  Epo 275: Loss=0.1019 | Acc=96.10%
  Epo 276: Loss=0.1017 | Acc=96.10%
  Epo 277: Loss=0.1016 | Acc=96.10%
  Epo 278: Loss=0.1015 | Acc=96.10%
  Epo 279: Loss=0.1013 | Acc=96.10%
  Epo 280: Loss=0.1012 | Acc=96.10%
  Epo 281: Loss=0.1011 | Acc=96.10%
  Epo 282: Loss=0.1009 | Acc=96.10%
  Epo 283: Loss=0.1008 | Acc=96.10%
  Epo 284: Loss=0.1007 | Acc=96.15%
  Epo 285: Loss=0.1005 | Acc=96.15%
  Epo 286: Loss=0.1004 | Acc=96.15%
  Epo 287: Loss=0.1003 | Acc=96.15%
  Epo 288: Loss=0.1002 | Acc=96.15%
  Epo 289: Loss=0.1000 | Acc=96.15%
  Epo 290: Loss=0.0999 | Acc=96.15%
  Epo 291: Loss=0.0998 | Acc=96.15%
  Epo 292: Loss=0.0997 | Acc=96.15%
  Epo 293: Loss=0.0996 | Acc=96.15%
  Epo 294: Loss=0.0995 | Acc=96.15%
  Epo 295: Loss=0.0993 | Acc=96.15%
  Epo 296: Loss=0.0992 | Acc=96.15%
  Epo 297: Loss=0.0991 | Acc=96.20%
  Epo 298: Loss=0.0990 | Acc=96.20%
  Epo 299: Loss=0.0989 | Acc=96.20%
  Epo 300: Loss=0.0988 | Acc=96.20%
  Epo 301: Loss=0.0987 | Acc=96.20%
  Epo 302: Loss=0.0986 | Acc=96.20%
  Epo 303: Loss=0.0985 | Acc=96.20%
  Epo 304: Loss=0.0984 | Acc=96.25%
  Epo 305: Loss=0.0983 | Acc=96.30%
  Epo 306: Loss=0.0982 | Acc=96.30%
  Epo 307: Loss=0.0981 | Acc=96.30%
  Epo 308: Loss=0.0980 | Acc=96.30%
  Epo 309: Loss=0.0979 | Acc=96.30%
  Epo 310: Loss=0.0978 | Acc=96.30%
  Epo 311: Loss=0.0977 | Acc=96.30%
  Epo 312: Loss=0.0976 | Acc=96.30%
  Epo 313: Loss=0.0975 | Acc=96.30%
  Epo 314: Loss=0.0974 | Acc=96.30%
  Epo 315: Loss=0.0974 | Acc=96.30%
  Epo 316: Loss=0.0973 | Acc=96.30%
  Epo 317: Loss=0.0972 | Acc=96.30%
  Epo 318: Loss=0.0971 | Acc=96.30%
  Epo 319: Loss=0.0970 | Acc=96.30%
  Epo 320: Loss=0.0969 | Acc=96.30%
  Epo 321: Loss=0.0968 | Acc=96.30%
  Epo 322: Loss=0.0968 | Acc=96.30%
  Epo 323: Loss=0.0967 | Acc=96.30%
  Epo 324: Loss=0.0966 | Acc=96.30%
  Epo 325: Loss=0.0965 | Acc=96.30%
  Epo 326: Loss=0.0965 | Acc=96.30%
  Epo 327: Loss=0.0964 | Acc=96.30%
  Epo 328: Loss=0.0963 | Acc=96.35%
  Epo 329: Loss=0.0962 | Acc=96.35%
  Epo 330: Loss=0.0962 | Acc=96.35%
  Epo 331: Loss=0.0961 | Acc=96.35%
  Epo 332: Loss=0.0960 | Acc=96.35%
  Epo 333: Loss=0.0960 | Acc=96.35%
  Epo 334: Loss=0.0959 | Acc=96.35%
  Epo 335: Loss=0.0958 | Acc=96.35%
  Epo 336: Loss=0.0958 | Acc=96.35%
  Epo 337: Loss=0.0957 | Acc=96.35%
  Epo 338: Loss=0.0956 | Acc=96.35%
  Epo 339: Loss=0.0956 | Acc=96.35%
  Epo 340: Loss=0.0955 | Acc=96.35%
  Epo 341: Loss=0.0954 | Acc=96.35%
  Epo 342: Loss=0.0954 | Acc=96.35%
  Epo 343: Loss=0.0953 | Acc=96.35%
  Epo 344: Loss=0.0953 | Acc=96.35%
  Epo 345: Loss=0.0952 | Acc=96.35%
  Epo 346: Loss=0.0952 | Acc=96.35%
  Epo 347: Loss=0.0951 | Acc=96.40%
  Epo 348: Loss=0.0950 | Acc=96.40%
  Epo 349: Loss=0.0950 | Acc=96.40%
  Epo 350: Loss=0.0949 | Acc=96.40%
  Epo 351: Loss=0.0949 | Acc=96.40%
  Epo 352: Loss=0.0948 | Acc=96.40%
  Epo 353: Loss=0.0948 | Acc=96.40%
  Epo 354: Loss=0.0947 | Acc=96.40%
  Epo 355: Loss=0.0947 | Acc=96.40%
  Epo 356: Loss=0.0946 | Acc=96.40%
  Epo 357: Loss=0.0946 | Acc=96.45%
  Epo 358: Loss=0.0945 | Acc=96.45%
  Epo 359: Loss=0.0945 | Acc=96.45%
  Epo 360: Loss=0.0944 | Acc=96.45%
  Epo 361: Loss=0.0944 | Acc=96.40%
  Epo 362: Loss=0.0944 | Acc=96.40%
  Epo 363: Loss=0.0943 | Acc=96.40%
  Epo 364: Loss=0.0943 | Acc=96.40%
  Epo 365: Loss=0.0942 | Acc=96.40%
  Epo 366: Loss=0.0942 | Acc=96.40%
  Epo 367: Loss=0.0942 | Acc=96.40%
  Epo 368: Loss=0.0941 | Acc=96.40%
  Epo 369: Loss=0.0941 | Acc=96.40%
  Epo 370: Loss=0.0940 | Acc=96.40%
  Epo 371: Loss=0.0940 | Acc=96.40%
  Epo 372: Loss=0.0940 | Acc=96.40%
  Epo 373: Loss=0.0939 | Acc=96.40%
  Epo 374: Loss=0.0939 | Acc=96.40%
  Epo 375: Loss=0.0939 | Acc=96.40%
  Epo 376: Loss=0.0938 | Acc=96.40%
  Epo 377: Loss=0.0938 | Acc=96.40%
  Epo 378: Loss=0.0938 | Acc=96.40%
  Epo 379: Loss=0.0937 | Acc=96.40%
  Epo 380: Loss=0.0937 | Acc=96.40%
  Epo 381: Loss=0.0937 | Acc=96.35%
  Epo 382: Loss=0.0937 | Acc=96.35%
  Epo 383: Loss=0.0936 | Acc=96.35%
  Epo 384: Loss=0.0936 | Acc=96.35%
  Epo 385: Loss=0.0936 | Acc=96.35%
  Epo 386: Loss=0.0935 | Acc=96.35%
  Epo 387: Loss=0.0935 | Acc=96.35%
  Epo 388: Loss=0.0935 | Acc=96.35%
  Epo 389: Loss=0.0935 | Acc=96.35%
  Epo 390: Loss=0.0934 | Acc=96.35%
  Epo 391: Loss=0.0934 | Acc=96.35%
  Epo 392: Loss=0.0934 | Acc=96.35%
  Epo 393: Loss=0.0934 | Acc=96.35%
  Epo 394: Loss=0.0934 | Acc=96.35%
  Epo 395: Loss=0.0933 | Acc=96.35%
  Epo 396: Loss=0.0933 | Acc=96.35%
  Epo 397: Loss=0.0933 | Acc=96.35%
  Epo 398: Loss=0.0933 | Acc=96.35%
  Epo 399: Loss=0.0932 | Acc=96.35%
  Epo 400: Loss=0.0932 | Acc=96.35%
--- Fin entrenamiento (17:57:05) ---
Reconociendo...
--- Reconociendo con ModPT ---
Reconocidas 2000 señales.
Evaluando...
Evaluando 2000 señales...

=============================================
MATRIZ DE CONFUSIÓN (Filas=Real, Cols=Rec)
=============================================
	a	e	i	o	u
---------------------------------------------
a	386	2	0	11	1
e	1	395	3	0	1
i	0	5	389	0	6
o	9	1	0	371	19
u	1	0	0	13	386
---------------------------------------------
Exactitud Global = 96.35%
